<?xml version="1.0" encoding="UTF-8"?>
<!-- Generated by org.testng.reporters.JUnitReportReporter -->
<testsuite hostname="XIOZA01-E7440" name="com.org.learningMaven.HelloWorldTest" tests="2" failures="0" timestamp="25 May 2016 06:47:49 GMT" time="19.844" errors="0">
  <testcase name="Login" time="19.844" classname="com.org.learningMaven.HelloWorldTest"/>
  <testcase name="test" time="0.000" classname="com.org.learningMaven.HelloWorldTest"/>
</testsuite> <!-- com.org.learningMaven.HelloWorldTest -->
