<?xml version="1.0" encoding="UTF-8"?>
<!-- Generated by org.testng.reporters.JUnitReportReporter -->
<testsuite hostname="XIOZA01-E7440" name="com.org.learningMaven.HelloWorldTest" tests="2" failures="0" timestamp="27 May 2016 02:53:16 GMT" time="21.427" errors="0">
  <testcase name="test" time="0.000" classname="com.org.learningMaven.HelloWorldTest"/>
  <testcase name="Login" time="21.427" classname="com.org.learningMaven.HelloWorldTest"/>
</testsuite> <!-- com.org.learningMaven.HelloWorldTest -->
