<?xml version="1.0" encoding="UTF-8"?>
<!-- Generated by org.testng.reporters.JUnitReportReporter -->
<testsuite hostname="xzw" name="com.org.learningMaven.HelloWorldTest" tests="2" failures="0" timestamp="25 May 2016 14:35:05 GMT" time="3.012" errors="0">
  <testcase name="Login" time="3.011" classname="com.org.learningMaven.HelloWorldTest"/>
  <testcase name="test" time="0.001" classname="com.org.learningMaven.HelloWorldTest"/>
</testsuite> <!-- com.org.learningMaven.HelloWorldTest -->
