<?xml version="1.0" encoding="UTF-8"?>
<!-- Generated by org.testng.reporters.JUnitReportReporter -->
<testsuite hostname="xzw" name="com.org.learningMaven.HelloWorldTest" tests="1" failures="0" timestamp="24 May 2016 13:30:02 GMT" time="0.007" errors="0">
  <testcase name="Login" time="0.007" classname="com.org.learningMaven.HelloWorldTest"/>
</testsuite> <!-- com.org.learningMaven.HelloWorldTest -->
