<?xml version="1.0" encoding="UTF-8"?>
<!-- Generated by org.testng.reporters.JUnitReportReporter -->
<testsuite hostname="XIOZA01-E7440" name="com.org.learningMaven.HelloWorldTest" tests="2" failures="0" timestamp="25 May 2016 04:05:27 GMT" time="25.724" errors="0">
  <testcase name="Login" time="25.724" classname="com.org.learningMaven.HelloWorldTest"/>
  <testcase name="test" time="0.000" classname="com.org.learningMaven.HelloWorldTest"/>
</testsuite> <!-- com.org.learningMaven.HelloWorldTest -->
