<?xml version="1.0" encoding="UTF-8"?>
<!-- Generated by org.testng.reporters.JUnitReportReporter -->
<testsuite hostname="XIOZA01-E7440" name="com.org.learningMaven.HelloWorldTest" tests="2" failures="0" timestamp="26 May 2016 07:04:13 GMT" time="21.910" errors="0">
  <testcase name="Login" time="21.909" classname="com.org.learningMaven.HelloWorldTest"/>
  <testcase name="test" time="0.001" classname="com.org.learningMaven.HelloWorldTest"/>
</testsuite> <!-- com.org.learningMaven.HelloWorldTest -->
